<?xml version="1.0" encoding="UTF-8"?>
<!-- Generated by org.testng.reporters.JUnitXMLReporter -->
<testsuite ignored="0" hostname="LAPTOP-89D94ORM" failures="0" tests="4" name="Testng1" time="0.09" errors="0" timestamp="2022-01-08T17:36:00 GMT">
  <testcase classname="mavenjavaone.mavenjavaone.SeleniumTest" name="getdataselenium" time="0.012"/>
  <testcase classname="mavenjavaone.mavenjavaone.SeleniumTest" name="setdataselenium" time="0.001"/>
  <testcase classname="mavenjavaone.mavenjavaone.AppiumTest" name="getappiumdata" time="0.002"/>
  <testcase classname="mavenjavaone.mavenjavaone.AppiumTest" name="setappiumdata" time="0.002"/>
</testsuite> <!-- Testng1 -->
