<?xml version="1.0" encoding="UTF-8"?>
<!-- Generated by org.testng.reporters.JUnitXMLReporter -->
<testsuite hostname="LAPTOP-89D94ORM" failures="0" tests="6" name="Command line test" time="0.023" errors="0" timestamp="28 Dec 2021 17:15:16 GMT">
  <testcase classname="mavenjavaone.mavenjavaone.AppiumTest" name="getappiumdata" time="0.01"/>
  <testcase classname="mavenjavaone.mavenjavaone.AppiumTest" name="setappiumdata" time="0.001"/>
  <testcase classname="mavenjavaone.mavenjavaone.RestapiTest" name="getrestapidata" time="0.0"/>
  <testcase classname="mavenjavaone.mavenjavaone.RestapiTest" name="setrestapidata" time="0.0"/>
  <testcase classname="mavenjavaone.mavenjavaone.SeleniumTest" name="getdataselenium" time="0.0"/>
  <testcase classname="mavenjavaone.mavenjavaone.SeleniumTest" name="setdataselenium" time="0.0"/>
</testsuite> <!-- Command line test -->
