<?xml version="1.0" encoding="UTF-8"?>
<testng-results total="6" passed="6" failed="0" skipped="0">
  <reporter-output>
  </reporter-output>
  <suite started-at="2021-12-28T17:15:16Z" name="Command line suite" finished-at="2021-12-28T17:15:16Z" duration-ms="23">
    <groups>
    </groups>
    <test started-at="2021-12-28T17:15:16Z" name="Command line test" finished-at="2021-12-28T17:15:16Z" duration-ms="23">
      <class name="mavenjavaone.mavenjavaone.SeleniumTest">
        <test-method signature="getdataselenium()[pri:0, instance:mavenjavaone.mavenjavaone.SeleniumTest@1725dc0f]" started-at="2021-12-28T17:15:16Z" name="getdataselenium" finished-at="2021-12-28T17:15:16Z" duration-ms="0" status="PASS">
          <reporter-output>
          </reporter-output>
        </test-method> <!-- getdataselenium -->
        <test-method signature="setdataselenium()[pri:0, instance:mavenjavaone.mavenjavaone.SeleniumTest@1725dc0f]" started-at="2021-12-28T17:15:16Z" name="setdataselenium" finished-at="2021-12-28T17:15:16Z" duration-ms="0" status="PASS">
          <reporter-output>
          </reporter-output>
        </test-method> <!-- setdataselenium -->
      </class> <!-- mavenjavaone.mavenjavaone.SeleniumTest -->
      <class name="mavenjavaone.mavenjavaone.AppiumTest">
        <test-method signature="getappiumdata()[pri:0, instance:mavenjavaone.mavenjavaone.AppiumTest@50a638b5]" started-at="2021-12-28T17:15:16Z" name="getappiumdata" finished-at="2021-12-28T17:15:16Z" duration-ms="10" status="PASS">
          <reporter-output>
          </reporter-output>
        </test-method> <!-- getappiumdata -->
        <test-method signature="setappiumdata()[pri:0, instance:mavenjavaone.mavenjavaone.AppiumTest@50a638b5]" started-at="2021-12-28T17:15:16Z" name="setappiumdata" finished-at="2021-12-28T17:15:16Z" duration-ms="1" status="PASS">
          <reporter-output>
          </reporter-output>
        </test-method> <!-- setappiumdata -->
      </class> <!-- mavenjavaone.mavenjavaone.AppiumTest -->
      <class name="mavenjavaone.mavenjavaone.RestapiTest">
        <test-method signature="getrestapidata()[pri:0, instance:mavenjavaone.mavenjavaone.RestapiTest@31368b99]" started-at="2021-12-28T17:15:16Z" name="getrestapidata" finished-at="2021-12-28T17:15:16Z" duration-ms="0" status="PASS">
          <reporter-output>
          </reporter-output>
        </test-method> <!-- getrestapidata -->
        <test-method signature="setrestapidata()[pri:0, instance:mavenjavaone.mavenjavaone.RestapiTest@31368b99]" started-at="2021-12-28T17:15:16Z" name="setrestapidata" finished-at="2021-12-28T17:15:16Z" duration-ms="0" status="PASS">
          <reporter-output>
          </reporter-output>
        </test-method> <!-- setrestapidata -->
      </class> <!-- mavenjavaone.mavenjavaone.RestapiTest -->
    </test> <!-- Command line test -->
  </suite> <!-- Command line suite -->
</testng-results>
