<?xml version="1.0" encoding="UTF-8"?>
<testng-results ignored="0" total="4" passed="4" failed="0" skipped="0">
  <reporter-output>
  </reporter-output>
  <suite started-at="2022-01-08T17:36:00 GMT" name="Suite" finished-at="2022-01-08T17:36:00 GMT" duration-ms="90">
    <groups>
    </groups>
    <test started-at="2022-01-08T17:36:00 GMT" name="Testng1" finished-at="2022-01-08T17:36:00 GMT" duration-ms="90">
      <class name="mavenjavaone.mavenjavaone.SeleniumTest">
        <test-method signature="getdataselenium()[pri:0, instance:mavenjavaone.mavenjavaone.SeleniumTest@e15b7e8]" started-at="2022-01-08T17:36:00 GMT" name="getdataselenium" finished-at="2022-01-08T17:36:00 GMT" duration-ms="12" status="PASS">
          <reporter-output>
          </reporter-output>
        </test-method> <!-- getdataselenium -->
        <test-method signature="setdataselenium()[pri:0, instance:mavenjavaone.mavenjavaone.SeleniumTest@e15b7e8]" started-at="2022-01-08T17:36:00 GMT" name="setdataselenium" finished-at="2022-01-08T17:36:00 GMT" duration-ms="1" status="PASS">
          <reporter-output>
          </reporter-output>
        </test-method> <!-- setdataselenium -->
      </class> <!-- mavenjavaone.mavenjavaone.SeleniumTest -->
      <class name="mavenjavaone.mavenjavaone.AppiumTest">
        <test-method signature="getappiumdata()[pri:0, instance:mavenjavaone.mavenjavaone.AppiumTest@2c1b194a]" started-at="2022-01-08T17:36:00 GMT" name="getappiumdata" finished-at="2022-01-08T17:36:00 GMT" duration-ms="2" status="PASS">
          <reporter-output>
          </reporter-output>
        </test-method> <!-- getappiumdata -->
        <test-method signature="setappiumdata()[pri:0, instance:mavenjavaone.mavenjavaone.AppiumTest@2c1b194a]" started-at="2022-01-08T17:36:00 GMT" name="setappiumdata" finished-at="2022-01-08T17:36:00 GMT" duration-ms="2" status="PASS">
          <reporter-output>
          </reporter-output>
        </test-method> <!-- setappiumdata -->
      </class> <!-- mavenjavaone.mavenjavaone.AppiumTest -->
    </test> <!-- Testng1 -->
  </suite> <!-- Suite -->
</testng-results>
