<?xml version="1.0" encoding="UTF-8"?>
<testng-results ignored="0" total="2" passed="2" failed="0" skipped="0">
  <reporter-output>
  </reporter-output>
  <suite started-at="2022-01-08T15:40:16 GMT" name="Default suite" finished-at="2022-01-08T15:40:16 GMT" duration-ms="74">
    <groups>
    </groups>
    <test started-at="2022-01-08T15:40:16 GMT" name="Default test" finished-at="2022-01-08T15:40:16 GMT" duration-ms="74">
      <class name="mavenjavaone.mavenjavaone.RestapiTest">
        <test-method signature="getrestapidata()[pri:0, instance:mavenjavaone.mavenjavaone.RestapiTest@4f2b503c]" started-at="2022-01-08T15:40:16 GMT" name="getrestapidata" finished-at="2022-01-08T15:40:16 GMT" duration-ms="14" status="PASS">
          <reporter-output>
          </reporter-output>
        </test-method> <!-- getrestapidata -->
        <test-method signature="setrestapidata()[pri:0, instance:mavenjavaone.mavenjavaone.RestapiTest@4f2b503c]" started-at="2022-01-08T15:40:16 GMT" name="setrestapidata" finished-at="2022-01-08T15:40:16 GMT" duration-ms="1" status="PASS">
          <reporter-output>
          </reporter-output>
        </test-method> <!-- setrestapidata -->
      </class> <!-- mavenjavaone.mavenjavaone.RestapiTest -->
    </test> <!-- Default test -->
  </suite> <!-- Default suite -->
</testng-results>
